This file contains any messages produced by compilers while
running configure, to aid debugging if configure makes a mistake.

It was created by libusb configure 1.0.4, which was
generated by GNU Autoconf 2.63.  Invocation command line was

  $ ./configure 

## --------- ##
## Platform. ##
## --------- ##

hostname = catchy.local
uname -m = Power Macintosh
uname -r = 9.8.0
uname -s = Darwin
uname -v = Darwin Kernel Version 9.8.0: Wed Jul 15 16:57:01 PDT 2009; root:xnu-1228.15.4~1/RELEASE_PPC

/usr/bin/uname -p = powerpc
/bin/uname -X     = unknown

/bin/arch              = unknown
/usr/bin/arch -k       = unknown
/usr/convex/getsysinfo = unknown
/usr/bin/hostinfo      = Mach kernel version:
	 Darwin Kernel Version 9.8.0: Wed Jul 15 16:57:01 PDT 2009; root:xnu-1228.15.4~1/RELEASE_PPC
Kernel configured for a single processor only.
1 processor is physically available.
1 processor is logically available.
Processor type: ppc7450 (PowerPC 7450)
Processor active: 0
Primary memory available: 1.00 gigabytes
Default processor set: 61 tasks, 204 threads, 1 processors
Load average: 2.79, Mach factor: 0.22
/bin/machine           = unknown
/usr/bin/oslevel       = unknown
/bin/universe          = unknown

PATH: /usr/local/git/bin
PATH: /sw/bin
PATH: /sw/sbin
PATH: /usr/bin
PATH: /bin
PATH: /usr/sbin
PATH: /sbin
PATH: /usr/local/bin
PATH: /usr/X11/bin
PATH: /opt/local/bin
PATH: /usr/local/git/bin
PATH: /usr/X11R6/bin


## ----------- ##
## Core tests. ##
## ----------- ##

configure:2082: checking for a BSD-compatible install
configure:2150: result: /usr/bin/install -c
configure:2161: checking whether build environment is sane
configure:2204: result: yes
configure:2229: checking for a thread-safe mkdir -p
configure:2268: result: ./install-sh -c -d
configure:2281: checking for gawk
configure:2311: result: no
configure:2281: checking for mawk
configure:2311: result: no
configure:2281: checking for nawk
configure:2311: result: no
configure:2281: checking for awk
configure:2297: found /usr/bin/awk
configure:2308: result: awk
configure:2319: checking whether make sets $(MAKE)
configure:2341: result: yes
configure:2579: checking for gcc
configure:2595: found /usr/bin/gcc
configure:2606: result: gcc
configure:2838: checking for C compiler version
configure:2846: gcc --version >&5
powerpc-apple-darwin9-gcc-4.0.1 (GCC) 4.0.1 (Apple Inc. build 5490)
Copyright (C) 2005 Free Software Foundation, Inc.
This is free software; see the source for copying conditions.  There is NO
warranty; not even for MERCHANTABILITY or FITNESS FOR A PARTICULAR PURPOSE.

configure:2850: $? = 0
configure:2857: gcc -v >&5
Using built-in specs.
Target: powerpc-apple-darwin9
Configured with: /var/tmp/gcc/gcc-5490~1/src/configure --disable-checking -enable-werror --prefix=/usr --mandir=/share/man --enable-languages=c,objc,c++,obj-c++ --program-transform-name=/^[cg][^.-]*$/s/$/-4.0/ --with-gxx-include-dir=/include/c++/4.0.0 --with-slibdir=/usr/lib --build=i686-apple-darwin9 --program-prefix= --host=powerpc-apple-darwin9 --target=powerpc-apple-darwin9
Thread model: posix
gcc version 4.0.1 (Apple Inc. build 5490)
configure:2861: $? = 0
configure:2868: gcc -V >&5
gcc-4.0: argument to `-V' is missing
configure:2872: $? = 1
configure:2895: checking for C compiler default output file name
configure:2917: gcc    conftest.c  >&5
configure:2921: $? = 0
configure:2959: result: a.out
configure:2978: checking whether the C compiler works
configure:2988: ./a.out
configure:2992: $? = 0
configure:3011: result: yes
configure:3018: checking whether we are cross compiling
configure:3020: result: no
configure:3023: checking for suffix of executables
configure:3030: gcc -o conftest    conftest.c  >&5
configure:3034: $? = 0
configure:3060: result: 
configure:3066: checking for suffix of object files
configure:3092: gcc -c   conftest.c >&5
configure:3096: $? = 0
configure:3121: result: o
configure:3125: checking whether we are using the GNU C compiler
configure:3154: gcc -c   conftest.c >&5
configure:3161: $? = 0
configure:3178: result: yes
configure:3187: checking whether gcc accepts -g
configure:3217: gcc -c -g  conftest.c >&5
configure:3224: $? = 0
configure:3325: result: yes
configure:3342: checking for gcc option to accept ISO C89
configure:3416: gcc  -c -g -O2  conftest.c >&5
configure:3423: $? = 0
configure:3446: result: none needed
configure:3475: checking for style of include used by make
configure:3503: result: GNU
configure:3528: checking dependency style of gcc
configure:3619: result: gcc3
configure:3665: checking build system type
configure:3683: result: powerpc-apple-darwin9.8.0
configure:3705: checking host system type
configure:3720: result: powerpc-apple-darwin9.8.0
configure:3742: checking for a sed that does not truncate output
configure:3808: result: /sw/bin/sed
configure:3826: checking for grep that handles long lines and -e
configure:3886: result: /usr/bin/grep
configure:3891: checking for egrep
configure:3955: result: /usr/bin/grep -E
configure:3960: checking for fgrep
configure:4024: result: /usr/bin/grep -F
configure:4059: checking for ld used by gcc
configure:4126: result: /usr/libexec/gcc/powerpc-apple-darwin9/4.0.1/ld
configure:4135: checking if the linker (/usr/libexec/gcc/powerpc-apple-darwin9/4.0.1/ld) is GNU ld
configure:4150: result: no
configure:4162: checking for BSD- or MS-compatible name lister (nm)
configure:4211: result: /usr/bin/nm -p
configure:4329: checking the name lister (/usr/bin/nm -p) interface
configure:4336: gcc -c -g -O2  conftest.c >&5
configure:4339: /usr/bin/nm -p "conftest.o"
configure:4342: output
00000184 D _some_variable
configure:4349: result: BSD nm
configure:4352: checking whether ln -s works
configure:4356: result: yes
configure:4364: checking the maximum length of command line arguments
configure:4484: result: 196608
configure:4501: checking whether the shell understands some XSI constructs
configure:4511: result: yes
configure:4515: checking whether the shell understands "+="
configure:4521: result: yes
configure:4556: checking for /usr/libexec/gcc/powerpc-apple-darwin9/4.0.1/ld option to reload object files
configure:4563: result: -r
configure:4632: checking for objdump
configure:4662: result: no
configure:4691: checking how to recognize dependent libraries
configure:4887: result: pass_all
configure:4947: checking for ar
configure:4963: found /usr/bin/ar
configure:4974: result: ar
configure:5052: checking for strip
configure:5068: found /usr/bin/strip
configure:5079: result: strip
configure:5151: checking for ranlib
configure:5167: found /usr/bin/ranlib
configure:5178: result: ranlib
configure:5268: checking command to parse /usr/bin/nm -p output from gcc object
configure:5386: gcc -c -g -O2  conftest.c >&5
configure:5389: $? = 0
configure:5393: /usr/bin/nm -p conftest.o \| sed -n -e 's/^.*[	 ]\([BCDEGRST][BCDEGRST]*\)[	 ][	 ]*\([_A-Za-z][_A-Za-z0-9]*\)$/\1 \2 \2/p' \> conftest.nm
configure:5396: $? = 0
cannot find nm_test_var in conftest.nm
configure:5386: gcc -c -g -O2  conftest.c >&5
configure:5389: $? = 0
configure:5393: /usr/bin/nm -p conftest.o \| sed -n -e 's/^.*[	 ]\([BCDEGRST][BCDEGRST]*\)[	 ][	 ]*_\([_A-Za-z][_A-Za-z0-9]*\)$/\1 _\2 \2/p' \> conftest.nm
configure:5396: $? = 0
configure:5450: gcc -o conftest -g -O2   conftest.c conftstm.o >&5
configure:5453: $? = 0
configure:5491: result: ok
configure:5785: checking for dsymutil
configure:5801: found /usr/bin/dsymutil
configure:5812: result: dsymutil
configure:5877: checking for nmedit
configure:5893: found /usr/bin/nmedit
configure:5904: result: nmedit
configure:5969: checking for lipo
configure:5985: found /usr/bin/lipo
configure:5996: result: lipo
configure:6061: checking for otool
configure:6077: found /usr/bin/otool
configure:6088: result: otool
configure:6153: checking for otool64
configure:6183: result: no
configure:6228: checking for -single_module linker flag
gcc -g -O2  -o libconftest.dylib -dynamiclib -Wl,-single_module conftest.c
configure:6255: result: yes
configure:6257: checking for -exported_symbols_list linker flag
configure:6287: gcc -o conftest -g -O2   -Wl,-exported_symbols_list,conftest.sym conftest.c  >&5
configure:6294: $? = 0
configure:6316: result: yes
configure:6358: checking how to run the C preprocessor
configure:6398: gcc -E  conftest.c
configure:6405: $? = 0
configure:6436: gcc -E  conftest.c
conftest.c:10:28: error: ac_nonexistent.h: No such file or directory
configure:6443: $? = 1
configure: failed program was:
| /* confdefs.h.  */
| #define PACKAGE_NAME "libusb"
| #define PACKAGE_TARNAME "libusb"
| #define PACKAGE_VERSION "1.0.4"
| #define PACKAGE_STRING "libusb 1.0.4"
| #define PACKAGE_BUGREPORT ""
| #define PACKAGE "libusb"
| #define VERSION "1.0.4"
| /* end confdefs.h.  */
| #include <ac_nonexistent.h>
configure:6476: result: gcc -E
configure:6505: gcc -E  conftest.c
configure:6512: $? = 0
configure:6543: gcc -E  conftest.c
conftest.c:10:28: error: ac_nonexistent.h: No such file or directory
configure:6550: $? = 1
configure: failed program was:
| /* confdefs.h.  */
| #define PACKAGE_NAME "libusb"
| #define PACKAGE_TARNAME "libusb"
| #define PACKAGE_VERSION "1.0.4"
| #define PACKAGE_STRING "libusb 1.0.4"
| #define PACKAGE_BUGREPORT ""
| #define PACKAGE "libusb"
| #define VERSION "1.0.4"
| /* end confdefs.h.  */
| #include <ac_nonexistent.h>
configure:6590: checking for ANSI C header files
configure:6620: gcc -c -g -O2  conftest.c >&5
configure:6627: $? = 0
configure:6726: gcc -o conftest -g -O2   conftest.c  >&5
configure:6730: $? = 0
configure:6736: ./conftest
configure:6740: $? = 0
configure:6758: result: yes
configure:6782: checking for sys/types.h
configure:6803: gcc -c -g -O2  conftest.c >&5
configure:6810: $? = 0
configure:6827: result: yes
configure:6782: checking for sys/stat.h
configure:6803: gcc -c -g -O2  conftest.c >&5
configure:6810: $? = 0
configure:6827: result: yes
configure:6782: checking for stdlib.h
configure:6803: gcc -c -g -O2  conftest.c >&5
configure:6810: $? = 0
configure:6827: result: yes
configure:6782: checking for string.h
configure:6803: gcc -c -g -O2  conftest.c >&5
configure:6810: $? = 0
configure:6827: result: yes
configure:6782: checking for memory.h
configure:6803: gcc -c -g -O2  conftest.c >&5
configure:6810: $? = 0
configure:6827: result: yes
configure:6782: checking for strings.h
configure:6803: gcc -c -g -O2  conftest.c >&5
configure:6810: $? = 0
configure:6827: result: yes
configure:6782: checking for inttypes.h
configure:6803: gcc -c -g -O2  conftest.c >&5
configure:6810: $? = 0
configure:6827: result: yes
configure:6782: checking for stdint.h
configure:6803: gcc -c -g -O2  conftest.c >&5
configure:6810: $? = 0
configure:6827: result: yes
configure:6782: checking for unistd.h
configure:6803: gcc -c -g -O2  conftest.c >&5
configure:6810: $? = 0
configure:6827: result: yes
configure:6845: checking for dlfcn.h
configure:6866: gcc -c -g -O2  conftest.c >&5
configure:6873: $? = 0
configure:6890: result: yes
configure:7076: checking for objdir
configure:7091: result: .libs
configure:7383: checking if gcc supports -fno-rtti -fno-exceptions
configure:7401: gcc -c -g -O2  -fno-rtti -fno-exceptions conftest.c >&5
cc1: warning: command line option "-fno-rtti" is valid for C++/ObjC++ but not for C
configure:7405: $? = 0
configure:7418: result: no
configure:7438: checking for gcc option to produce PIC
configure:7710: result: -fno-common -DPIC
configure:7722: checking if gcc PIC flag -fno-common -DPIC works
configure:7740: gcc -c -g -O2  -fno-common -DPIC -DPIC conftest.c >&5
configure:7744: $? = 0
configure:7757: result: yes
configure:7781: checking if gcc static flag -static works
configure:7809: result: no
configure:7824: checking if gcc supports -c -o file.o
configure:7845: gcc -c -g -O2  -o out/conftest2.o conftest.c >&5
configure:7849: $? = 0
configure:7871: result: yes
configure:7879: checking if gcc supports -c -o file.o
configure:7926: result: yes
configure:7959: checking whether the gcc linker (/usr/libexec/gcc/powerpc-apple-darwin9/4.0.1/ld) supports shared libraries
configure:9033: result: yes
configure:9272: checking dynamic linker characteristics
configure:9968: result: darwin9.8.0 dyld
configure:10070: checking how to hardcode library paths into programs
configure:10095: result: immediate
configure:10928: checking whether stripping libraries is possible
configure:10942: result: yes
configure:10968: checking if libtool supports shared libraries
configure:10970: result: yes
configure:10973: checking whether to build shared libraries
configure:10994: result: yes
configure:10997: checking whether to build static libraries
configure:11001: result: yes
configure:11036: checking for inline
configure:11062: gcc -c -g -O2  conftest.c >&5
configure:11069: $? = 0
configure:11087: result: inline
configure:11107: checking whether gcc and cc understand -c and -o together
configure:11142: gcc -c conftest.c -o conftest2.o >&5
configure:11146: $? = 0
configure:11152: gcc -c conftest.c -o conftest2.o >&5
configure:11156: $? = 0
configure:11167: cc -c conftest.c >&5
configure:11171: $? = 0
configure:11179: cc -c conftest.c -o conftest2.o >&5
configure:11183: $? = 0
configure:11189: cc -c conftest.c -o conftest2.o >&5
configure:11193: $? = 0
configure:11211: result: yes
configure:11244: checking operating system
configure:11346: result: Darwin/MacOS X
configure:11454: gcc -c -g -O2 -fgnu89-inline  conftest.c >&5
cc1: error: unrecognized command line option "-fgnu89-inline"
configure:11461: $? = 1
configure: failed program was:
| /* confdefs.h.  */
| #define PACKAGE_NAME "libusb"
| #define PACKAGE_TARNAME "libusb"
| #define PACKAGE_VERSION "1.0.4"
| #define PACKAGE_STRING "libusb 1.0.4"
| #define PACKAGE_BUGREPORT ""
| #define PACKAGE "libusb"
| #define VERSION "1.0.4"
| #define STDC_HEADERS 1
| #define HAVE_SYS_TYPES_H 1
| #define HAVE_SYS_STAT_H 1
| #define HAVE_STDLIB_H 1
| #define HAVE_STRING_H 1
| #define HAVE_MEMORY_H 1
| #define HAVE_STRINGS_H 1
| #define HAVE_INTTYPES_H 1
| #define HAVE_STDINT_H 1
| #define HAVE_UNISTD_H 1
| #define HAVE_DLFCN_H 1
| #define LT_OBJDIR ".libs/"
| #define _GNU_SOURCE /**/
| #define OS_DARWIN /**/
| #define USBI_OS_HANDLES_TIMEOUT /**/
| #define ENABLE_LOGGING 1
| /* end confdefs.h.  */
| 
| int
| main ()
| {
| 
|   ;
|   return 0;
| }
configure:11501: gcc -c -g -O2 -fvisibility=hidden  conftest.c >&5
configure:11508: $? = 0
configure:11558: gcc -c -g -O2 -Wno-pointer-sign  conftest.c >&5
configure:11565: $? = 0
configure:11726: creating ./config.status

## ---------------------- ##
## Running config.status. ##
## ---------------------- ##

This file was extended by libusb config.status 1.0.4, which was
generated by GNU Autoconf 2.63.  Invocation command line was

  CONFIG_FILES    = 
  CONFIG_HEADERS  = 
  CONFIG_LINKS    = 
  CONFIG_COMMANDS = 
  $ ./config.status 

on catchy.local

config.status:1002: creating libusb-1.0.pc
config.status:1002: creating Makefile
config.status:1002: creating libusb/Makefile
config.status:1002: creating examples/Makefile
config.status:1002: creating doc/Makefile
config.status:1002: creating doc/doxygen.cfg
config.status:1002: creating config.h
config.status:1276: executing depfiles commands
config.status:1276: executing libtool commands

## ---------------- ##
## Cache variables. ##
## ---------------- ##

ac_cv_build=powerpc-apple-darwin9.8.0
ac_cv_c_compiler_gnu=yes
ac_cv_c_inline=inline
ac_cv_env_CC_set=
ac_cv_env_CC_value=
ac_cv_env_CFLAGS_set=
ac_cv_env_CFLAGS_value=
ac_cv_env_CPPFLAGS_set=
ac_cv_env_CPPFLAGS_value=
ac_cv_env_CPP_set=
ac_cv_env_CPP_value=
ac_cv_env_LDFLAGS_set=
ac_cv_env_LDFLAGS_value=
ac_cv_env_LIBS_set=
ac_cv_env_LIBS_value=
ac_cv_env_build_alias_set=
ac_cv_env_build_alias_value=
ac_cv_env_host_alias_set=
ac_cv_env_host_alias_value=
ac_cv_env_target_alias_set=
ac_cv_env_target_alias_value=
ac_cv_header_dlfcn_h=yes
ac_cv_header_inttypes_h=yes
ac_cv_header_memory_h=yes
ac_cv_header_stdc=yes
ac_cv_header_stdint_h=yes
ac_cv_header_stdlib_h=yes
ac_cv_header_string_h=yes
ac_cv_header_strings_h=yes
ac_cv_header_sys_stat_h=yes
ac_cv_header_sys_types_h=yes
ac_cv_header_unistd_h=yes
ac_cv_host=powerpc-apple-darwin9.8.0
ac_cv_objext=o
ac_cv_path_EGREP='/usr/bin/grep -E'
ac_cv_path_FGREP='/usr/bin/grep -F'
ac_cv_path_GREP=/usr/bin/grep
ac_cv_path_INTLTOOL_PERL=/usr/bin/perl
ac_cv_path_SED=/sw/bin/sed
ac_cv_path_install='/usr/bin/install -c'
ac_cv_prog_AWK=awk
ac_cv_prog_CPP='gcc -E'
ac_cv_prog_ac_ct_AR=ar
ac_cv_prog_ac_ct_CC=gcc
ac_cv_prog_ac_ct_DSYMUTIL=dsymutil
ac_cv_prog_ac_ct_LIPO=lipo
ac_cv_prog_ac_ct_NMEDIT=nmedit
ac_cv_prog_ac_ct_OTOOL=otool
ac_cv_prog_ac_ct_RANLIB=ranlib
ac_cv_prog_ac_ct_STRIP=strip
ac_cv_prog_cc_c89=
ac_cv_prog_cc_g=yes
ac_cv_prog_cc_gcc_c_o=yes
ac_cv_prog_make_make_set=yes
am_cv_CC_dependencies_compiler_type=gcc3
lt_cv_apple_cc_single_mod=yes
lt_cv_deplibs_check_method=pass_all
lt_cv_file_magic_cmd='$MAGIC_CMD'
lt_cv_file_magic_test_file=
lt_cv_ld_exported_symbols_list=yes
lt_cv_ld_reload_flag=-r
lt_cv_nm_interface='BSD nm'
lt_cv_objdir=.libs
lt_cv_path_LD=/usr/libexec/gcc/powerpc-apple-darwin9/4.0.1/ld
lt_cv_path_NM='/usr/bin/nm -p'
lt_cv_prog_compiler_c_o=yes
lt_cv_prog_compiler_pic_works=yes
lt_cv_prog_compiler_rtti_exceptions=no
lt_cv_prog_compiler_static_works=no
lt_cv_prog_gnu_ld=no
lt_cv_sys_global_symbol_pipe='sed -n -e '\''s/^.*[	 ]\([BCDEGRST][BCDEGRST]*\)[	 ][	 ]*_\([_A-Za-z][_A-Za-z0-9]*\)$/\1 _\2 \2/p'\'''
lt_cv_sys_global_symbol_to_c_name_address='sed -n -e '\''s/^: \([^ ]*\) $/  {\"\1\", (void *) 0},/p'\'' -e '\''s/^[BCDEGRST]* \([^ ]*\) \([^ ]*\)$/  {"\2", (void *) \&\2},/p'\'''
lt_cv_sys_global_symbol_to_c_name_address_lib_prefix='sed -n -e '\''s/^: \([^ ]*\) $/  {\"\1\", (void *) 0},/p'\'' -e '\''s/^[BCDEGRST]* \([^ ]*\) \(lib[^ ]*\)$/  {"\2", (void *) \&\2},/p'\'' -e '\''s/^[BCDEGRST]* \([^ ]*\) \([^ ]*\)$/  {"lib\2", (void *) \&\2},/p'\'''
lt_cv_sys_global_symbol_to_cdecl='sed -n -e '\''s/^T .* \(.*\)$/extern int \1();/p'\'' -e '\''s/^[BCDEGRST]* .* \(.*\)$/extern char \1;/p'\'''
lt_cv_sys_max_cmd_len=196608

## ----------------- ##
## Output variables. ##
## ----------------- ##

ACLOCAL='${SHELL} /Users/anthony/Scrime/VIRTUAL_PERCUSSION/macosx/FoB/libusb-1.0.4/missing --run aclocal-1.10'
AMDEPBACKSLASH='\'
AMDEP_FALSE='#'
AMDEP_TRUE=''
AMTAR='${SHELL} /Users/anthony/Scrime/VIRTUAL_PERCUSSION/macosx/FoB/libusb-1.0.4/missing --run tar'
AM_CFLAGS='-std=gnu99  -Wall -Wundef -Wunused -Wstrict-prototypes -Werror-implicit-function-declaration -Wno-pointer-sign -Wshadow'
AM_LDFLAGS='-Wl,-framework -Wl,IOKit -Wl,-framework -Wl,CoreFoundation -Wl,-prebind -no-undefined'
AR='ar'
AUTOCONF='${SHELL} /Users/anthony/Scrime/VIRTUAL_PERCUSSION/macosx/FoB/libusb-1.0.4/missing --run autoconf'
AUTOHEADER='${SHELL} /Users/anthony/Scrime/VIRTUAL_PERCUSSION/macosx/FoB/libusb-1.0.4/missing --run autoheader'
AUTOMAKE='${SHELL} /Users/anthony/Scrime/VIRTUAL_PERCUSSION/macosx/FoB/libusb-1.0.4/missing --run automake-1.10'
AWK='awk'
BUILD_EXAMPLES_FALSE=''
BUILD_EXAMPLES_TRUE='#'
CC='gcc'
CCDEPMODE='depmode=gcc3'
CFLAGS='-g -O2'
CPP='gcc -E'
CPPFLAGS=''
CYGPATH_W='echo'
DEFS='-DHAVE_CONFIG_H'
DEPDIR='.deps'
DSYMUTIL='dsymutil'
DUMPBIN=''
ECHO_C='\c'
ECHO_N=''
ECHO_T=''
EGREP='/usr/bin/grep -E'
EXEEXT=''
FGREP='/usr/bin/grep -F'
GREP='/usr/bin/grep'
INSTALL_DATA='${INSTALL} -m 644'
INSTALL_PROGRAM='${INSTALL}'
INSTALL_SCRIPT='${INSTALL}'
INSTALL_STRIP_PROGRAM='$(install_sh) -c -s'
LD='/usr/libexec/gcc/powerpc-apple-darwin9/4.0.1/ld'
LDFLAGS=''
LIBOBJS=''
LIBS=''
LIBTOOL='$(SHELL) $(top_builddir)/libtool'
LIPO='lipo'
LN_S='ln -s'
LTLIBOBJS=''
MAKEINFO='${SHELL} /Users/anthony/Scrime/VIRTUAL_PERCUSSION/macosx/FoB/libusb-1.0.4/missing --run makeinfo'
MKDIR_P='./install-sh -c -d'
NM='/usr/bin/nm -p'
NMEDIT='nmedit'
OBJDUMP='false'
OBJEXT='o'
OS_DARWIN=''
OS_DARWIN_FALSE='#'
OS_DARWIN_TRUE=''
OS_LINUX=''
OS_LINUX_FALSE=''
OS_LINUX_TRUE='#'
OTOOL64=':'
OTOOL='otool'
PACKAGE='libusb'
PACKAGE_BUGREPORT=''
PACKAGE_NAME='libusb'
PACKAGE_STRING='libusb 1.0.4'
PACKAGE_TARNAME='libusb'
PACKAGE_VERSION='1.0.4'
PATH_SEPARATOR=':'
RANLIB='ranlib'
SED='/sw/bin/sed'
SET_MAKE=''
SHELL='/bin/sh'
STRIP='strip'
VERSION='1.0.4'
VISIBILITY_CFLAGS='-fvisibility=hidden'
ac_ct_CC='gcc'
ac_ct_DUMPBIN=''
am__fastdepCC_FALSE='#'
am__fastdepCC_TRUE=''
am__include='include'
am__isrc=''
am__leading_dot='.'
am__quote=''
am__tar='${AMTAR} chof - "$$tardir"'
am__untar='${AMTAR} xf -'
bindir='${exec_prefix}/bin'
build='powerpc-apple-darwin9.8.0'
build_alias=''
build_cpu='powerpc'
build_os='darwin9.8.0'
build_vendor='apple'
datadir='${datarootdir}'
datarootdir='${prefix}/share'
docdir='${datarootdir}/doc/${PACKAGE_TARNAME}'
dvidir='${docdir}'
exec_prefix='${prefix}'
host='powerpc-apple-darwin9.8.0'
host_alias=''
host_cpu='powerpc'
host_os='darwin9.8.0'
host_vendor='apple'
htmldir='${docdir}'
includedir='${prefix}/include'
infodir='${datarootdir}/info'
install_sh='$(SHELL) /Users/anthony/Scrime/VIRTUAL_PERCUSSION/macosx/FoB/libusb-1.0.4/install-sh'
libdir='${exec_prefix}/lib'
libexecdir='${exec_prefix}/libexec'
localedir='${datarootdir}/locale'
localstatedir='${prefix}/var'
lt_ECHO='/bin/echo'
lt_age='0'
lt_major='0'
lt_revision='0'
mandir='${datarootdir}/man'
mkdir_p='$(top_builddir)/./install-sh -c -d'
oldincludedir='/usr/include'
pdfdir='${docdir}'
prefix='/usr/local'
program_transform_name='s,x,x,'
psdir='${docdir}'
sbindir='${exec_prefix}/sbin'
sharedstatedir='${prefix}/com'
sysconfdir='${prefix}/etc'
target_alias=''

## ----------- ##
## confdefs.h. ##
## ----------- ##

#define PACKAGE_NAME "libusb"
#define PACKAGE_TARNAME "libusb"
#define PACKAGE_VERSION "1.0.4"
#define PACKAGE_STRING "libusb 1.0.4"
#define PACKAGE_BUGREPORT ""
#define PACKAGE "libusb"
#define VERSION "1.0.4"
#define STDC_HEADERS 1
#define HAVE_SYS_TYPES_H 1
#define HAVE_SYS_STAT_H 1
#define HAVE_STDLIB_H 1
#define HAVE_STRING_H 1
#define HAVE_MEMORY_H 1
#define HAVE_STRINGS_H 1
#define HAVE_INTTYPES_H 1
#define HAVE_STDINT_H 1
#define HAVE_UNISTD_H 1
#define HAVE_DLFCN_H 1
#define LT_OBJDIR ".libs/"
#define _GNU_SOURCE /**/
#define OS_DARWIN /**/
#define USBI_OS_HANDLES_TIMEOUT /**/
#define ENABLE_LOGGING 1
#define API_EXPORTED __attribute__((visibility("default")))

configure: exit 0
